<?xml version="1.0" encoding="UTF-8"?>
<testsuite xmlns:xsi="http://www.w3.org/2001/XMLSchema-instance" xsi:noNamespaceSchemaLocation="https://maven.apache.org/surefire/maven-surefire-plugin/xsd/surefire-test-report.xsd" name="com.blockchain.simulator.AppTest" time="0.124" tests="1" errors="0" skipped="0" failures="0">
  <properties>
    <property name="java.specification.version" value="15"/>
    <property name="sun.cpu.isalist" value="amd64"/>
    <property name="sun.jnu.encoding" value="GBK"/>
    <property name="java.class.path" value="C:\Users\StevenLu\Desktop\BlockchainSimulator\blockchain-simulator\target\test-classes;C:\Users\StevenLu\Desktop\BlockchainSimulator\blockchain-simulator\target\classes;C:\Users\StevenLu\.m2\repository\junit\junit\4.11\junit-4.11.jar;C:\Users\StevenLu\.m2\repository\org\hamcrest\hamcrest-core\1.3\hamcrest-core-1.3.jar;C:\Users\StevenLu\.m2\repository\org\projectlombok\lombok\1.18.16\lombok-1.18.16.jar;C:\Users\StevenLu\.m2\repository\com\googlecode\json-simple\json-simple\1.1.1\json-simple-1.1.1.jar;C:\Users\StevenLu\.m2\repository\commons-cli\commons-cli\1.4\commons-cli-1.4.jar;"/>
    <property name="java.vm.vendor" value="Oracle Corporation"/>
    <property name="sun.arch.data.model" value="64"/>
    <property name="user.variant" value=""/>
    <property name="java.vendor.url" value="https://java.oracle.com/"/>
    <property name="user.timezone" value="America/New_York"/>
    <property name="os.name" value="Windows 10"/>
    <property name="java.vm.specification.version" value="15"/>
    <property name="sun.java.launcher" value="SUN_STANDARD"/>
    <property name="user.country" value="US"/>
    <property name="sun.boot.library.path" value="C:\Users\StevenLu\Documents\jdk-15\bin"/>
    <property name="sun.java.command" value="C:\Users\StevenLu\AppData\Local\Temp\surefire16398605325928628273\surefirebooter3491453026859442331.jar C:\Users\StevenLu\AppData\Local\Temp\surefire16398605325928628273 2020-11-18T18-31-09_989-jvmRun1 surefire8748864410474800671tmp surefire_012633243984652644333tmp"/>
    <property name="jdk.debug" value="release"/>
    <property name="surefire.test.class.path" value="C:\Users\StevenLu\Desktop\BlockchainSimulator\blockchain-simulator\target\test-classes;C:\Users\StevenLu\Desktop\BlockchainSimulator\blockchain-simulator\target\classes;C:\Users\StevenLu\.m2\repository\junit\junit\4.11\junit-4.11.jar;C:\Users\StevenLu\.m2\repository\org\hamcrest\hamcrest-core\1.3\hamcrest-core-1.3.jar;C:\Users\StevenLu\.m2\repository\org\projectlombok\lombok\1.18.16\lombok-1.18.16.jar;C:\Users\StevenLu\.m2\repository\com\googlecode\json-simple\json-simple\1.1.1\json-simple-1.1.1.jar;C:\Users\StevenLu\.m2\repository\commons-cli\commons-cli\1.4\commons-cli-1.4.jar;"/>
    <property name="sun.cpu.endian" value="little"/>
    <property name="user.home" value="C:\Users\StevenLu"/>
    <property name="user.language" value="en"/>
    <property name="java.specification.vendor" value="Oracle Corporation"/>
    <property name="java.version.date" value="2020-09-15"/>
    <property name="java.home" value="C:\Users\StevenLu\Documents\jdk-15"/>
    <property name="file.separator" value="\"/>
    <property name="basedir" value="C:\Users\StevenLu\Desktop\BlockchainSimulator\blockchain-simulator"/>
    <property name="java.vm.compressedOopsMode" value="Zero based"/>
    <property name="line.separator" value="&#10;"/>
    <property name="java.vm.specification.vendor" value="Oracle Corporation"/>
    <property name="java.specification.name" value="Java Platform API Specification"/>
    <property name="surefire.real.class.path" value="C:\Users\StevenLu\AppData\Local\Temp\surefire16398605325928628273\surefirebooter3491453026859442331.jar"/>
    <property name="user.script" value=""/>
    <property name="sun.management.compiler" value="HotSpot 64-Bit Tiered Compilers"/>
    <property name="java.runtime.version" value="15+36-1562"/>
    <property name="user.name" value="StevenLu"/>
    <property name="path.separator" value=";"/>
    <property name="os.version" value="10.0"/>
    <property name="java.runtime.name" value="Java(TM) SE Runtime Environment"/>
    <property name="file.encoding" value="Cp1252"/>
    <property name="java.vm.name" value="Java HotSpot(TM) 64-Bit Server VM"/>
    <property name="localRepository" value="C:\Users\StevenLu\.m2\repository"/>
    <property name="java.vendor.url.bug" value="https://bugreport.java.com/bugreport/"/>
    <property name="java.io.tmpdir" value="C:\Users\StevenLu\AppData\Local\Temp\"/>
    <property name="java.version" value="15"/>
    <property name="user.dir" value="C:\Users\StevenLu\Desktop\BlockchainSimulator\blockchain-simulator"/>
    <property name="os.arch" value="amd64"/>
    <property name="java.vm.specification.name" value="Java Virtual Machine Specification"/>
    <property name="sun.os.patch.level" value=""/>
    <property name="java.library.path" value="C:\Users\StevenLu\Documents\jdk-15\bin;C:\WINDOWS\Sun\Java\bin;C:\WINDOWS\system32;C:\WINDOWS;C:\Program Files (x86)\Common Files\Oracle\Java\javapath;C:\Program Files\Microsoft MPI\Bin\;C:\Python27\;C:\Python27\Scripts;C:\Program Files (x86)\Common Files\Intel\Shared Libraries\redist\intel64\compiler;C:\python35\Scripts\;C:\python35\;C:\Program Files\Dell\DW WLAN Card;C:\Program Files (x86)\Intel\iCLS Client\;C:\Program Files\Intel\iCLS Client\;C:\windows\system32;C:\windows;C:\windows\System32\Wbem;C:\windows\System32\WindowsPowerShell\v1.0\;C:\Program Files (x86)\NVIDIA Corporation\PhysX\Common;C:\Program Files\WIDCOMM\Bluetooth Software\;C:\Program Files\WIDCOMM\Bluetooth Software\syswow64;C:\Program Files (x86)\Intel\Intel(R) Management Engine Components\DAL;C:\Program Files\Intel\Intel(R) Management Engine Components\DAL;C:\Program Files (x86)\Intel\Intel(R) Management Engine Components\IPT;C:\Program Files\Intel\Intel(R) Management Engine Components\IPT;C:\Users\StevenLu\.dnx\bin;C:\Program Files\Microsoft DNX\Dnvm\;C:\WINDOWS\system32;C:\WINDOWS;C:\WINDOWS\System32\Wbem;C:\WINDOWS\System32\WindowsPowerShell\v1.0\;C:\Program Files (x86)\PharosSystems\Core;C:\Program Files (x86)\Java\jdk1.7.0_71\bin;C:\Program Files (x86)\Java\jdk1.7.0_71;C:\Program Files (x86)\SSH Communications Security\SSH Tectia\SSH Tectia AUX;C:\Program Files (x86)\SSH Communications Security\SSH Tectia\SSH Tectia AUX\Support binaries;C:\Program Files (x86)\SSH Communications Security\SSH Tectia\SSH Tectia Broker;C:\Program Files (x86)\SSH Communications Security\SSH Tectia\SSH Tectia Client;C:\Anaconda3\Library\bin;C:\Program Files (x86)\GtkSharp\2.12\bin;C:\Program Files\Git\cmd;C:\NVIDIA\cuda\bin;C:\NVIDIA\cuda;C:\WINDOWS\System32\OpenSSH\;C:\Program Files\Java\jdk1.8.0_152\bin;C:\Program Files (x86)\dotnet\;C:\texlive\2019\bin\win32;C:\WINDOWS\system32;C:\WINDOWS;C:\WINDOWS\System32\Wbem;C:\WINDOWS\System32\WindowsPowerShell\v1.0\;C:\WINDOWS\System32\OpenSSH\;C:\Program Files\MATLAB\R2019b\runtime\win64;C:\Program Files\MATLAB\R2019b\bin;C:\Users\StevenLu\Documents\Maven\bin;C:\Users\StevenLu\AppData\Local\Programs\Python\Python36\Scripts\;C:\Users\StevenLu\AppData\Local\Programs\Python\Python36\;C:\Users\StevenLu\AppData\Local\Programs\Python\Python37\Scripts\;C:\Users\StevenLu\AppData\Local\Programs\Python\Python37\;C:\Ruby24-x64\bin;C:\Users\StevenLu\AppData\Local\Microsoft\WindowsApps;C:\Program Files\PostgreSQL\9.5\bin;C:\Program Files\NVIDIA GPU Computing Toolkit\CUDA\v8.0\bin;C:\Users\StevenLu\AppData\Local\Programs\Microsoft VS Code\bin;C:\Users\StevenLu\.dotnet\tools;%USERPROFILE%\AppData\Local\Microsoft\WindowsApps;;."/>
    <property name="java.vm.info" value="mixed mode, sharing"/>
    <property name="java.vendor" value="Oracle Corporation"/>
    <property name="java.vm.version" value="15+36-1562"/>
    <property name="sun.io.unicode.encoding" value="UnicodeLittle"/>
    <property name="java.class.version" value="59.0"/>
  </properties>
  <testcase name="shouldAnswerWithTrue" classname="com.blockchain.simulator.AppTest" time="0.003"/>
</testsuite>